<?xml version="1.0" encoding="UTF-8"?>
<testsuite xmlns:xsi="http://www.w3.org/2001/XMLSchema-instance" xsi:noNamespaceSchemaLocation="https://maven.apache.org/surefire/maven-surefire-plugin/xsd/surefire-test-report-3.0.xsd" version="3.0" name="org.apache.spark.util.kvstore.RocksDBIteratorSuite" time="0.865" tests="38" errors="0" skipped="0" failures="0">
  <properties>
    <property name="java.specification.version" value="17"/>
    <property name="log4j.configurationFile" value="file:src/test/resources/log4j2.properties"/>
    <property name="sun.jnu.encoding" value="UTF-8"/>
    <property name="java.class.path" value="/Users/kazuyaaoki/Desktop/programming/science/spark-3.5.0/common/kvstore/target/scala-2.12/test-classes:/Users/kazuyaaoki/Desktop/programming/science/spark-3.5.0/common/kvstore/target/scala-2.12/classes:/Users/kazuyaaoki/Desktop/programming/science/spark-3.5.0/common/tags/target/spark-tags_2.12-3.5.0.jar:/Users/kazuyaaoki/.m2/repository/org/scala-lang/scala-library/2.12.18/scala-library-2.12.18.jar:/Users/kazuyaaoki/.m2/repository/com/google/guava/guava/14.0.1/guava-14.0.1.jar:/Users/kazuyaaoki/.m2/repository/org/fusesource/leveldbjni/leveldbjni-all/1.8/leveldbjni-all-1.8.jar:/Users/kazuyaaoki/.m2/repository/com/fasterxml/jackson/core/jackson-core/2.15.2/jackson-core-2.15.2.jar:/Users/kazuyaaoki/.m2/repository/com/fasterxml/jackson/core/jackson-databind/2.15.2/jackson-databind-2.15.2.jar:/Users/kazuyaaoki/.m2/repository/com/fasterxml/jackson/core/jackson-annotations/2.15.2/jackson-annotations-2.15.2.jar:/Users/kazuyaaoki/.m2/repository/commons-io/commons-io/2.13.0/commons-io-2.13.0.jar:/Users/kazuyaaoki/.m2/repository/org/apache/logging/log4j/log4j-api/2.20.0/log4j-api-2.20.0.jar:/Users/kazuyaaoki/.m2/repository/org/apache/logging/log4j/log4j-core/2.20.0/log4j-core-2.20.0.jar:/Users/kazuyaaoki/.m2/repository/org/apache/logging/log4j/log4j-1.2-api/2.20.0/log4j-1.2-api-2.20.0.jar:/Users/kazuyaaoki/.m2/repository/org/slf4j/slf4j-api/2.0.7/slf4j-api-2.0.7.jar:/Users/kazuyaaoki/.m2/repository/org/apache/logging/log4j/log4j-slf4j2-impl/2.20.0/log4j-slf4j2-impl-2.20.0.jar:/Users/kazuyaaoki/.m2/repository/io/dropwizard/metrics/metrics-core/4.2.19/metrics-core-4.2.19.jar:/Users/kazuyaaoki/.m2/repository/org/rocksdb/rocksdbjni/8.3.2/rocksdbjni-8.3.2.jar:/Users/kazuyaaoki/Desktop/programming/science/spark-3.5.0/common/tags/target/spark-tags_2.12-3.5.0-tests.jar:/Users/kazuyaaoki/.m2/repository/org/spark-project/spark/unused/1.0.0/unused-1.0.0.jar:/Users/kazuyaaoki/.m2/repository/org/scalatest/scalatest_2.12/3.2.16/scalatest_2.12-3.2.16.jar:/Users/kazuyaaoki/.m2/repository/org/scalatest/scalatest-core_2.12/3.2.16/scalatest-core_2.12-3.2.16.jar:/Users/kazuyaaoki/.m2/repository/org/scalatest/scalatest-compatible/3.2.16/scalatest-compatible-3.2.16.jar:/Users/kazuyaaoki/.m2/repository/org/scalactic/scalactic_2.12/3.2.16/scalactic_2.12-3.2.16.jar:/Users/kazuyaaoki/.m2/repository/org/scala-lang/modules/scala-xml_2.12/2.1.0/scala-xml_2.12-2.1.0.jar:/Users/kazuyaaoki/.m2/repository/org/scalatest/scalatest-featurespec_2.12/3.2.16/scalatest-featurespec_2.12-3.2.16.jar:/Users/kazuyaaoki/.m2/repository/org/scalatest/scalatest-flatspec_2.12/3.2.16/scalatest-flatspec_2.12-3.2.16.jar:/Users/kazuyaaoki/.m2/repository/org/scalatest/scalatest-freespec_2.12/3.2.16/scalatest-freespec_2.12-3.2.16.jar:/Users/kazuyaaoki/.m2/repository/org/scalatest/scalatest-funsuite_2.12/3.2.16/scalatest-funsuite_2.12-3.2.16.jar:/Users/kazuyaaoki/.m2/repository/org/scalatest/scalatest-funspec_2.12/3.2.16/scalatest-funspec_2.12-3.2.16.jar:/Users/kazuyaaoki/.m2/repository/org/scalatest/scalatest-propspec_2.12/3.2.16/scalatest-propspec_2.12-3.2.16.jar:/Users/kazuyaaoki/.m2/repository/org/scalatest/scalatest-refspec_2.12/3.2.16/scalatest-refspec_2.12-3.2.16.jar:/Users/kazuyaaoki/.m2/repository/org/scalatest/scalatest-wordspec_2.12/3.2.16/scalatest-wordspec_2.12-3.2.16.jar:/Users/kazuyaaoki/.m2/repository/org/scalatest/scalatest-diagrams_2.12/3.2.16/scalatest-diagrams_2.12-3.2.16.jar:/Users/kazuyaaoki/.m2/repository/org/scalatest/scalatest-matchers-core_2.12/3.2.16/scalatest-matchers-core_2.12-3.2.16.jar:/Users/kazuyaaoki/.m2/repository/org/scalatest/scalatest-shouldmatchers_2.12/3.2.16/scalatest-shouldmatchers_2.12-3.2.16.jar:/Users/kazuyaaoki/.m2/repository/org/scalatest/scalatest-mustmatchers_2.12/3.2.16/scalatest-mustmatchers_2.12-3.2.16.jar:/Users/kazuyaaoki/.m2/repository/org/scala-lang/scala-reflect/2.12.18/scala-reflect-2.12.18.jar:/Users/kazuyaaoki/.m2/repository/org/scalatestplus/scalacheck-1-17_2.12/3.2.16.0/scalacheck-1-17_2.12-3.2.16.0.jar:/Users/kazuyaaoki/.m2/repository/org/scalacheck/scalacheck_2.12/1.17.0/scalacheck_2.12-1.17.0.jar:/Users/kazuyaaoki/.m2/repository/org/scalatestplus/mockito-4-11_2.12/3.2.16.0/mockito-4-11_2.12-3.2.16.0.jar:/Users/kazuyaaoki/.m2/repository/org/mockito/mockito-core/4.11.0/mockito-core-4.11.0.jar:/Users/kazuyaaoki/.m2/repository/net/bytebuddy/byte-buddy/1.14.4/byte-buddy-1.14.4.jar:/Users/kazuyaaoki/.m2/repository/net/bytebuddy/byte-buddy-agent/1.14.4/byte-buddy-agent-1.14.4.jar:/Users/kazuyaaoki/.m2/repository/org/objenesis/objenesis/3.3/objenesis-3.3.jar:/Users/kazuyaaoki/.m2/repository/org/scalatestplus/selenium-4-9_2.12/3.2.16.0/selenium-4-9_2.12-3.2.16.0.jar:/Users/kazuyaaoki/.m2/repository/org/seleniumhq/selenium/selenium-java/4.9.1/selenium-java-4.9.1.jar:/Users/kazuyaaoki/.m2/repository/org/seleniumhq/selenium/selenium-api/4.9.1/selenium-api-4.9.1.jar:/Users/kazuyaaoki/.m2/repository/org/seleniumhq/selenium/selenium-chrome-driver/4.9.1/selenium-chrome-driver-4.9.1.jar:/Users/kazuyaaoki/.m2/repository/org/seleniumhq/selenium/selenium-chromium-driver/4.9.1/selenium-chromium-driver-4.9.1.jar:/Users/kazuyaaoki/.m2/repository/org/seleniumhq/selenium/selenium-json/4.9.1/selenium-json-4.9.1.jar:/Users/kazuyaaoki/.m2/repository/org/seleniumhq/selenium/selenium-manager/4.9.1/selenium-manager-4.9.1.jar:/Users/kazuyaaoki/.m2/repository/org/seleniumhq/selenium/selenium-devtools-v111/4.9.1/selenium-devtools-v111-4.9.1.jar:/Users/kazuyaaoki/.m2/repository/org/seleniumhq/selenium/selenium-devtools-v112/4.9.1/selenium-devtools-v112-4.9.1.jar:/Users/kazuyaaoki/.m2/repository/org/seleniumhq/selenium/selenium-devtools-v113/4.9.1/selenium-devtools-v113-4.9.1.jar:/Users/kazuyaaoki/.m2/repository/org/seleniumhq/selenium/selenium-devtools-v85/4.9.1/selenium-devtools-v85-4.9.1.jar:/Users/kazuyaaoki/.m2/repository/org/seleniumhq/selenium/selenium-edge-driver/4.9.1/selenium-edge-driver-4.9.1.jar:/Users/kazuyaaoki/.m2/repository/org/seleniumhq/selenium/selenium-firefox-driver/4.9.1/selenium-firefox-driver-4.9.1.jar:/Users/kazuyaaoki/.m2/repository/org/seleniumhq/selenium/selenium-http/4.9.1/selenium-http-4.9.1.jar:/Users/kazuyaaoki/.m2/repository/dev/failsafe/failsafe/3.3.1/failsafe-3.3.1.jar:/Users/kazuyaaoki/.m2/repository/org/seleniumhq/selenium/selenium-ie-driver/4.9.1/selenium-ie-driver-4.9.1.jar:/Users/kazuyaaoki/.m2/repository/org/seleniumhq/selenium/selenium-remote-driver/4.9.1/selenium-remote-driver-4.9.1.jar:/Users/kazuyaaoki/.m2/repository/com/beust/jcommander/1.82/jcommander-1.82.jar:/Users/kazuyaaoki/.m2/repository/io/opentelemetry/opentelemetry-api/1.25.0/opentelemetry-api-1.25.0.jar:/Users/kazuyaaoki/.m2/repository/io/opentelemetry/opentelemetry-context/1.25.0/opentelemetry-context-1.25.0.jar:/Users/kazuyaaoki/.m2/repository/io/opentelemetry/opentelemetry-exporter-logging/1.25.0/opentelemetry-exporter-logging-1.25.0.jar:/Users/kazuyaaoki/.m2/repository/io/opentelemetry/opentelemetry-sdk-metrics/1.25.0/opentelemetry-sdk-metrics-1.25.0.jar:/Users/kazuyaaoki/.m2/repository/io/opentelemetry/opentelemetry-sdk-logs/1.25.0-alpha/opentelemetry-sdk-logs-1.25.0-alpha.jar:/Users/kazuyaaoki/.m2/repository/io/opentelemetry/opentelemetry-api-logs/1.25.0-alpha/opentelemetry-api-logs-1.25.0-alpha.jar:/Users/kazuyaaoki/.m2/repository/io/opentelemetry/opentelemetry-api-events/1.25.0-alpha/opentelemetry-api-events-1.25.0-alpha.jar:/Users/kazuyaaoki/.m2/repository/io/opentelemetry/opentelemetry-sdk-common/1.25.0/opentelemetry-sdk-common-1.25.0.jar:/Users/kazuyaaoki/.m2/repository/io/opentelemetry/opentelemetry-sdk-extension-autoconfigure-spi/1.25.0/opentelemetry-sdk-extension-autoconfigure-spi-1.25.0.jar:/Users/kazuyaaoki/.m2/repository/io/opentelemetry/opentelemetry-sdk-extension-autoconfigure/1.25.0-alpha/opentelemetry-sdk-extension-autoconfigure-1.25.0-alpha.jar:/Users/kazuyaaoki/.m2/repository/io/opentelemetry/opentelemetry-sdk-trace/1.25.0/opentelemetry-sdk-trace-1.25.0.jar:/Users/kazuyaaoki/.m2/repository/io/opentelemetry/opentelemetry-sdk/1.25.0/opentelemetry-sdk-1.25.0.jar:/Users/kazuyaaoki/.m2/repository/io/opentelemetry/opentelemetry-semconv/1.25.0-alpha/opentelemetry-semconv-1.25.0-alpha.jar:/Users/kazuyaaoki/.m2/repository/io/ous/jtoml/2.0.0/jtoml-2.0.0.jar:/Users/kazuyaaoki/.m2/repository/org/apache/commons/commons-exec/1.3/commons-exec-1.3.jar:/Users/kazuyaaoki/.m2/repository/org/asynchttpclient/async-http-client/2.12.3/async-http-client-2.12.3.jar:/Users/kazuyaaoki/.m2/repository/org/asynchttpclient/async-http-client-netty-utils/2.12.3/async-http-client-netty-utils-2.12.3.jar:/Users/kazuyaaoki/.m2/repository/org/reactivestreams/reactive-streams/1.0.3/reactive-streams-1.0.3.jar:/Users/kazuyaaoki/.m2/repository/com/typesafe/netty/netty-reactive-streams/2.0.4/netty-reactive-streams-2.0.4.jar:/Users/kazuyaaoki/.m2/repository/com/sun/activation/jakarta.activation/1.2.2/jakarta.activation-1.2.2.jar:/Users/kazuyaaoki/.m2/repository/org/seleniumhq/selenium/selenium-safari-driver/4.9.1/selenium-safari-driver-4.9.1.jar:/Users/kazuyaaoki/.m2/repository/org/seleniumhq/selenium/selenium-support/4.9.1/selenium-support-4.9.1.jar:/Users/kazuyaaoki/.m2/repository/org/seleniumhq/selenium/htmlunit-driver/4.9.1/htmlunit-driver-4.9.1.jar:/Users/kazuyaaoki/.m2/repository/net/sourceforge/htmlunit/htmlunit/2.70.0/htmlunit-2.70.0.jar:/Users/kazuyaaoki/.m2/repository/org/apache/httpcomponents/httpmime/4.5.14/httpmime-4.5.14.jar:/Users/kazuyaaoki/.m2/repository/org/apache/httpcomponents/httpclient/4.5.14/httpclient-4.5.14.jar:/Users/kazuyaaoki/.m2/repository/org/apache/httpcomponents/httpcore/4.4.16/httpcore-4.4.16.jar:/Users/kazuyaaoki/.m2/repository/net/sourceforge/htmlunit/htmlunit-core-js/2.70.0/htmlunit-core-js-2.70.0.jar:/Users/kazuyaaoki/.m2/repository/net/sourceforge/htmlunit/neko-htmlunit/2.70.0/neko-htmlunit-2.70.0.jar:/Users/kazuyaaoki/.m2/repository/net/sourceforge/htmlunit/htmlunit-cssparser/1.14.0/htmlunit-cssparser-1.14.0.jar:/Users/kazuyaaoki/.m2/repository/net/sourceforge/htmlunit/htmlunit-xpath/2.70.0/htmlunit-xpath-2.70.0.jar:/Users/kazuyaaoki/.m2/repository/org/apache/commons/commons-lang3/3.12.0/commons-lang3-3.12.0.jar:/Users/kazuyaaoki/.m2/repository/org/apache/commons/commons-text/1.10.0/commons-text-1.10.0.jar:/Users/kazuyaaoki/.m2/repository/commons-logging/commons-logging/1.1.3/commons-logging-1.1.3.jar:/Users/kazuyaaoki/.m2/repository/commons-net/commons-net/3.9.0/commons-net-3.9.0.jar:/Users/kazuyaaoki/.m2/repository/commons-codec/commons-codec/1.16.0/commons-codec-1.16.0.jar:/Users/kazuyaaoki/.m2/repository/org/brotli/dec/0.1.2/dec-0.1.2.jar:/Users/kazuyaaoki/.m2/repository/com/shapesecurity/salvation2/3.0.1/salvation2-3.0.1.jar:/Users/kazuyaaoki/.m2/repository/org/eclipse/jetty/websocket/websocket-client/9.4.50.v20221201/websocket-client-9.4.50.v20221201.jar:/Users/kazuyaaoki/.m2/repository/org/eclipse/jetty/jetty-client/9.4.52.v20230823/jetty-client-9.4.52.v20230823.jar:/Users/kazuyaaoki/.m2/repository/org/eclipse/jetty/jetty-http/9.4.52.v20230823/jetty-http-9.4.52.v20230823.jar:/Users/kazuyaaoki/.m2/repository/org/eclipse/jetty/jetty-util/9.4.52.v20230823/jetty-util-9.4.52.v20230823.jar:/Users/kazuyaaoki/.m2/repository/org/eclipse/jetty/jetty-io/9.4.50.v20221201/jetty-io-9.4.50.v20221201.jar:/Users/kazuyaaoki/.m2/repository/org/eclipse/jetty/websocket/websocket-common/9.4.50.v20221201/websocket-common-9.4.50.v20221201.jar:/Users/kazuyaaoki/.m2/repository/org/eclipse/jetty/websocket/websocket-api/9.4.50.v20221201/websocket-api-9.4.50.v20221201.jar:/Users/kazuyaaoki/.m2/repository/junit/junit/4.13.2/junit-4.13.2.jar:/Users/kazuyaaoki/.m2/repository/org/hamcrest/hamcrest-core/1.3/hamcrest-core-1.3.jar:/Users/kazuyaaoki/.m2/repository/com/github/sbt/junit-interface/0.13.3/junit-interface-0.13.3.jar:/Users/kazuyaaoki/.m2/repository/org/scala-sbt/test-interface/1.0/test-interface-1.0.jar:"/>
    <property name="java.vm.vendor" value="Eclipse Adoptium"/>
    <property name="sun.arch.data.model" value="64"/>
    <property name="hadoop.version" value="2.7.0"/>
    <property name="spark.master.rest.enabled" value="false"/>
    <property name="spark.memory.debugFill" value="true"/>
    <property name="java.vendor.url" value="https://adoptium.net/"/>
    <property name="user.timezone" value="Asia/Tokyo"/>
    <property name="java.vm.specification.version" value="17"/>
    <property name="os.name" value="Mac OS X"/>
    <property name="sun.java.launcher" value="SUN_STANDARD"/>
    <property name="user.country" value="JP"/>
    <property name="sun.boot.library.path" value="/Library/Java/JavaVirtualMachines/temurin-17.jdk/Contents/Home/lib"/>
    <property name="sun.java.command" value="/Users/kazuyaaoki/Desktop/programming/science/spark-3.5.0/common/kvstore/target/surefire/surefirebooter-20230924121230440_9.jar /Users/kazuyaaoki/Desktop/programming/science/spark-3.5.0/common/kvstore/target/surefire 2023-09-24T12-09-57_946-jvmRun1 surefire-20230924121230440_7tmp surefire_2-20230924121230440_8tmp"/>
    <property name="http.nonProxyHosts" value="local|*.local|169.254/16|*.169.254/16"/>
    <property name="jdk.debug" value="release"/>
    <property name="surefire.test.class.path" value="/Users/kazuyaaoki/Desktop/programming/science/spark-3.5.0/common/kvstore/target/scala-2.12/test-classes:/Users/kazuyaaoki/Desktop/programming/science/spark-3.5.0/common/kvstore/target/scala-2.12/classes:/Users/kazuyaaoki/Desktop/programming/science/spark-3.5.0/common/tags/target/spark-tags_2.12-3.5.0.jar:/Users/kazuyaaoki/.m2/repository/org/scala-lang/scala-library/2.12.18/scala-library-2.12.18.jar:/Users/kazuyaaoki/.m2/repository/com/google/guava/guava/14.0.1/guava-14.0.1.jar:/Users/kazuyaaoki/.m2/repository/org/fusesource/leveldbjni/leveldbjni-all/1.8/leveldbjni-all-1.8.jar:/Users/kazuyaaoki/.m2/repository/com/fasterxml/jackson/core/jackson-core/2.15.2/jackson-core-2.15.2.jar:/Users/kazuyaaoki/.m2/repository/com/fasterxml/jackson/core/jackson-databind/2.15.2/jackson-databind-2.15.2.jar:/Users/kazuyaaoki/.m2/repository/com/fasterxml/jackson/core/jackson-annotations/2.15.2/jackson-annotations-2.15.2.jar:/Users/kazuyaaoki/.m2/repository/commons-io/commons-io/2.13.0/commons-io-2.13.0.jar:/Users/kazuyaaoki/.m2/repository/org/apache/logging/log4j/log4j-api/2.20.0/log4j-api-2.20.0.jar:/Users/kazuyaaoki/.m2/repository/org/apache/logging/log4j/log4j-core/2.20.0/log4j-core-2.20.0.jar:/Users/kazuyaaoki/.m2/repository/org/apache/logging/log4j/log4j-1.2-api/2.20.0/log4j-1.2-api-2.20.0.jar:/Users/kazuyaaoki/.m2/repository/org/slf4j/slf4j-api/2.0.7/slf4j-api-2.0.7.jar:/Users/kazuyaaoki/.m2/repository/org/apache/logging/log4j/log4j-slf4j2-impl/2.20.0/log4j-slf4j2-impl-2.20.0.jar:/Users/kazuyaaoki/.m2/repository/io/dropwizard/metrics/metrics-core/4.2.19/metrics-core-4.2.19.jar:/Users/kazuyaaoki/.m2/repository/org/rocksdb/rocksdbjni/8.3.2/rocksdbjni-8.3.2.jar:/Users/kazuyaaoki/Desktop/programming/science/spark-3.5.0/common/tags/target/spark-tags_2.12-3.5.0-tests.jar:/Users/kazuyaaoki/.m2/repository/org/spark-project/spark/unused/1.0.0/unused-1.0.0.jar:/Users/kazuyaaoki/.m2/repository/org/scalatest/scalatest_2.12/3.2.16/scalatest_2.12-3.2.16.jar:/Users/kazuyaaoki/.m2/repository/org/scalatest/scalatest-core_2.12/3.2.16/scalatest-core_2.12-3.2.16.jar:/Users/kazuyaaoki/.m2/repository/org/scalatest/scalatest-compatible/3.2.16/scalatest-compatible-3.2.16.jar:/Users/kazuyaaoki/.m2/repository/org/scalactic/scalactic_2.12/3.2.16/scalactic_2.12-3.2.16.jar:/Users/kazuyaaoki/.m2/repository/org/scala-lang/modules/scala-xml_2.12/2.1.0/scala-xml_2.12-2.1.0.jar:/Users/kazuyaaoki/.m2/repository/org/scalatest/scalatest-featurespec_2.12/3.2.16/scalatest-featurespec_2.12-3.2.16.jar:/Users/kazuyaaoki/.m2/repository/org/scalatest/scalatest-flatspec_2.12/3.2.16/scalatest-flatspec_2.12-3.2.16.jar:/Users/kazuyaaoki/.m2/repository/org/scalatest/scalatest-freespec_2.12/3.2.16/scalatest-freespec_2.12-3.2.16.jar:/Users/kazuyaaoki/.m2/repository/org/scalatest/scalatest-funsuite_2.12/3.2.16/scalatest-funsuite_2.12-3.2.16.jar:/Users/kazuyaaoki/.m2/repository/org/scalatest/scalatest-funspec_2.12/3.2.16/scalatest-funspec_2.12-3.2.16.jar:/Users/kazuyaaoki/.m2/repository/org/scalatest/scalatest-propspec_2.12/3.2.16/scalatest-propspec_2.12-3.2.16.jar:/Users/kazuyaaoki/.m2/repository/org/scalatest/scalatest-refspec_2.12/3.2.16/scalatest-refspec_2.12-3.2.16.jar:/Users/kazuyaaoki/.m2/repository/org/scalatest/scalatest-wordspec_2.12/3.2.16/scalatest-wordspec_2.12-3.2.16.jar:/Users/kazuyaaoki/.m2/repository/org/scalatest/scalatest-diagrams_2.12/3.2.16/scalatest-diagrams_2.12-3.2.16.jar:/Users/kazuyaaoki/.m2/repository/org/scalatest/scalatest-matchers-core_2.12/3.2.16/scalatest-matchers-core_2.12-3.2.16.jar:/Users/kazuyaaoki/.m2/repository/org/scalatest/scalatest-shouldmatchers_2.12/3.2.16/scalatest-shouldmatchers_2.12-3.2.16.jar:/Users/kazuyaaoki/.m2/repository/org/scalatest/scalatest-mustmatchers_2.12/3.2.16/scalatest-mustmatchers_2.12-3.2.16.jar:/Users/kazuyaaoki/.m2/repository/org/scala-lang/scala-reflect/2.12.18/scala-reflect-2.12.18.jar:/Users/kazuyaaoki/.m2/repository/org/scalatestplus/scalacheck-1-17_2.12/3.2.16.0/scalacheck-1-17_2.12-3.2.16.0.jar:/Users/kazuyaaoki/.m2/repository/org/scalacheck/scalacheck_2.12/1.17.0/scalacheck_2.12-1.17.0.jar:/Users/kazuyaaoki/.m2/repository/org/scalatestplus/mockito-4-11_2.12/3.2.16.0/mockito-4-11_2.12-3.2.16.0.jar:/Users/kazuyaaoki/.m2/repository/org/mockito/mockito-core/4.11.0/mockito-core-4.11.0.jar:/Users/kazuyaaoki/.m2/repository/net/bytebuddy/byte-buddy/1.14.4/byte-buddy-1.14.4.jar:/Users/kazuyaaoki/.m2/repository/net/bytebuddy/byte-buddy-agent/1.14.4/byte-buddy-agent-1.14.4.jar:/Users/kazuyaaoki/.m2/repository/org/objenesis/objenesis/3.3/objenesis-3.3.jar:/Users/kazuyaaoki/.m2/repository/org/scalatestplus/selenium-4-9_2.12/3.2.16.0/selenium-4-9_2.12-3.2.16.0.jar:/Users/kazuyaaoki/.m2/repository/org/seleniumhq/selenium/selenium-java/4.9.1/selenium-java-4.9.1.jar:/Users/kazuyaaoki/.m2/repository/org/seleniumhq/selenium/selenium-api/4.9.1/selenium-api-4.9.1.jar:/Users/kazuyaaoki/.m2/repository/org/seleniumhq/selenium/selenium-chrome-driver/4.9.1/selenium-chrome-driver-4.9.1.jar:/Users/kazuyaaoki/.m2/repository/org/seleniumhq/selenium/selenium-chromium-driver/4.9.1/selenium-chromium-driver-4.9.1.jar:/Users/kazuyaaoki/.m2/repository/org/seleniumhq/selenium/selenium-json/4.9.1/selenium-json-4.9.1.jar:/Users/kazuyaaoki/.m2/repository/org/seleniumhq/selenium/selenium-manager/4.9.1/selenium-manager-4.9.1.jar:/Users/kazuyaaoki/.m2/repository/org/seleniumhq/selenium/selenium-devtools-v111/4.9.1/selenium-devtools-v111-4.9.1.jar:/Users/kazuyaaoki/.m2/repository/org/seleniumhq/selenium/selenium-devtools-v112/4.9.1/selenium-devtools-v112-4.9.1.jar:/Users/kazuyaaoki/.m2/repository/org/seleniumhq/selenium/selenium-devtools-v113/4.9.1/selenium-devtools-v113-4.9.1.jar:/Users/kazuyaaoki/.m2/repository/org/seleniumhq/selenium/selenium-devtools-v85/4.9.1/selenium-devtools-v85-4.9.1.jar:/Users/kazuyaaoki/.m2/repository/org/seleniumhq/selenium/selenium-edge-driver/4.9.1/selenium-edge-driver-4.9.1.jar:/Users/kazuyaaoki/.m2/repository/org/seleniumhq/selenium/selenium-firefox-driver/4.9.1/selenium-firefox-driver-4.9.1.jar:/Users/kazuyaaoki/.m2/repository/org/seleniumhq/selenium/selenium-http/4.9.1/selenium-http-4.9.1.jar:/Users/kazuyaaoki/.m2/repository/dev/failsafe/failsafe/3.3.1/failsafe-3.3.1.jar:/Users/kazuyaaoki/.m2/repository/org/seleniumhq/selenium/selenium-ie-driver/4.9.1/selenium-ie-driver-4.9.1.jar:/Users/kazuyaaoki/.m2/repository/org/seleniumhq/selenium/selenium-remote-driver/4.9.1/selenium-remote-driver-4.9.1.jar:/Users/kazuyaaoki/.m2/repository/com/beust/jcommander/1.82/jcommander-1.82.jar:/Users/kazuyaaoki/.m2/repository/io/opentelemetry/opentelemetry-api/1.25.0/opentelemetry-api-1.25.0.jar:/Users/kazuyaaoki/.m2/repository/io/opentelemetry/opentelemetry-context/1.25.0/opentelemetry-context-1.25.0.jar:/Users/kazuyaaoki/.m2/repository/io/opentelemetry/opentelemetry-exporter-logging/1.25.0/opentelemetry-exporter-logging-1.25.0.jar:/Users/kazuyaaoki/.m2/repository/io/opentelemetry/opentelemetry-sdk-metrics/1.25.0/opentelemetry-sdk-metrics-1.25.0.jar:/Users/kazuyaaoki/.m2/repository/io/opentelemetry/opentelemetry-sdk-logs/1.25.0-alpha/opentelemetry-sdk-logs-1.25.0-alpha.jar:/Users/kazuyaaoki/.m2/repository/io/opentelemetry/opentelemetry-api-logs/1.25.0-alpha/opentelemetry-api-logs-1.25.0-alpha.jar:/Users/kazuyaaoki/.m2/repository/io/opentelemetry/opentelemetry-api-events/1.25.0-alpha/opentelemetry-api-events-1.25.0-alpha.jar:/Users/kazuyaaoki/.m2/repository/io/opentelemetry/opentelemetry-sdk-common/1.25.0/opentelemetry-sdk-common-1.25.0.jar:/Users/kazuyaaoki/.m2/repository/io/opentelemetry/opentelemetry-sdk-extension-autoconfigure-spi/1.25.0/opentelemetry-sdk-extension-autoconfigure-spi-1.25.0.jar:/Users/kazuyaaoki/.m2/repository/io/opentelemetry/opentelemetry-sdk-extension-autoconfigure/1.25.0-alpha/opentelemetry-sdk-extension-autoconfigure-1.25.0-alpha.jar:/Users/kazuyaaoki/.m2/repository/io/opentelemetry/opentelemetry-sdk-trace/1.25.0/opentelemetry-sdk-trace-1.25.0.jar:/Users/kazuyaaoki/.m2/repository/io/opentelemetry/opentelemetry-sdk/1.25.0/opentelemetry-sdk-1.25.0.jar:/Users/kazuyaaoki/.m2/repository/io/opentelemetry/opentelemetry-semconv/1.25.0-alpha/opentelemetry-semconv-1.25.0-alpha.jar:/Users/kazuyaaoki/.m2/repository/io/ous/jtoml/2.0.0/jtoml-2.0.0.jar:/Users/kazuyaaoki/.m2/repository/org/apache/commons/commons-exec/1.3/commons-exec-1.3.jar:/Users/kazuyaaoki/.m2/repository/org/asynchttpclient/async-http-client/2.12.3/async-http-client-2.12.3.jar:/Users/kazuyaaoki/.m2/repository/org/asynchttpclient/async-http-client-netty-utils/2.12.3/async-http-client-netty-utils-2.12.3.jar:/Users/kazuyaaoki/.m2/repository/org/reactivestreams/reactive-streams/1.0.3/reactive-streams-1.0.3.jar:/Users/kazuyaaoki/.m2/repository/com/typesafe/netty/netty-reactive-streams/2.0.4/netty-reactive-streams-2.0.4.jar:/Users/kazuyaaoki/.m2/repository/com/sun/activation/jakarta.activation/1.2.2/jakarta.activation-1.2.2.jar:/Users/kazuyaaoki/.m2/repository/org/seleniumhq/selenium/selenium-safari-driver/4.9.1/selenium-safari-driver-4.9.1.jar:/Users/kazuyaaoki/.m2/repository/org/seleniumhq/selenium/selenium-support/4.9.1/selenium-support-4.9.1.jar:/Users/kazuyaaoki/.m2/repository/org/seleniumhq/selenium/htmlunit-driver/4.9.1/htmlunit-driver-4.9.1.jar:/Users/kazuyaaoki/.m2/repository/net/sourceforge/htmlunit/htmlunit/2.70.0/htmlunit-2.70.0.jar:/Users/kazuyaaoki/.m2/repository/org/apache/httpcomponents/httpmime/4.5.14/httpmime-4.5.14.jar:/Users/kazuyaaoki/.m2/repository/org/apache/httpcomponents/httpclient/4.5.14/httpclient-4.5.14.jar:/Users/kazuyaaoki/.m2/repository/org/apache/httpcomponents/httpcore/4.4.16/httpcore-4.4.16.jar:/Users/kazuyaaoki/.m2/repository/net/sourceforge/htmlunit/htmlunit-core-js/2.70.0/htmlunit-core-js-2.70.0.jar:/Users/kazuyaaoki/.m2/repository/net/sourceforge/htmlunit/neko-htmlunit/2.70.0/neko-htmlunit-2.70.0.jar:/Users/kazuyaaoki/.m2/repository/net/sourceforge/htmlunit/htmlunit-cssparser/1.14.0/htmlunit-cssparser-1.14.0.jar:/Users/kazuyaaoki/.m2/repository/net/sourceforge/htmlunit/htmlunit-xpath/2.70.0/htmlunit-xpath-2.70.0.jar:/Users/kazuyaaoki/.m2/repository/org/apache/commons/commons-lang3/3.12.0/commons-lang3-3.12.0.jar:/Users/kazuyaaoki/.m2/repository/org/apache/commons/commons-text/1.10.0/commons-text-1.10.0.jar:/Users/kazuyaaoki/.m2/repository/commons-logging/commons-logging/1.1.3/commons-logging-1.1.3.jar:/Users/kazuyaaoki/.m2/repository/commons-net/commons-net/3.9.0/commons-net-3.9.0.jar:/Users/kazuyaaoki/.m2/repository/commons-codec/commons-codec/1.16.0/commons-codec-1.16.0.jar:/Users/kazuyaaoki/.m2/repository/org/brotli/dec/0.1.2/dec-0.1.2.jar:/Users/kazuyaaoki/.m2/repository/com/shapesecurity/salvation2/3.0.1/salvation2-3.0.1.jar:/Users/kazuyaaoki/.m2/repository/org/eclipse/jetty/websocket/websocket-client/9.4.50.v20221201/websocket-client-9.4.50.v20221201.jar:/Users/kazuyaaoki/.m2/repository/org/eclipse/jetty/jetty-client/9.4.52.v20230823/jetty-client-9.4.52.v20230823.jar:/Users/kazuyaaoki/.m2/repository/org/eclipse/jetty/jetty-http/9.4.52.v20230823/jetty-http-9.4.52.v20230823.jar:/Users/kazuyaaoki/.m2/repository/org/eclipse/jetty/jetty-util/9.4.52.v20230823/jetty-util-9.4.52.v20230823.jar:/Users/kazuyaaoki/.m2/repository/org/eclipse/jetty/jetty-io/9.4.50.v20221201/jetty-io-9.4.50.v20221201.jar:/Users/kazuyaaoki/.m2/repository/org/eclipse/jetty/websocket/websocket-common/9.4.50.v20221201/websocket-common-9.4.50.v20221201.jar:/Users/kazuyaaoki/.m2/repository/org/eclipse/jetty/websocket/websocket-api/9.4.50.v20221201/websocket-api-9.4.50.v20221201.jar:/Users/kazuyaaoki/.m2/repository/junit/junit/4.13.2/junit-4.13.2.jar:/Users/kazuyaaoki/.m2/repository/org/hamcrest/hamcrest-core/1.3/hamcrest-core-1.3.jar:/Users/kazuyaaoki/.m2/repository/com/github/sbt/junit-interface/0.13.3/junit-interface-0.13.3.jar:/Users/kazuyaaoki/.m2/repository/org/scala-sbt/test-interface/1.0/test-interface-1.0.jar:"/>
    <property name="io.netty.tryReflectionSetAccessible" value="true"/>
    <property name="sun.cpu.endian" value="little"/>
    <property name="user.home" value="/Users/kazuyaaoki"/>
    <property name="user.language" value="ja"/>
    <property name="java.specification.vendor" value="Oracle Corporation"/>
    <property name="java.version.date" value="2023-07-18"/>
    <property name="java.home" value="/Library/Java/JavaVirtualMachines/temurin-17.jdk/Contents/Home"/>
    <property name="file.separator" value="/"/>
    <property name="basedir" value="/Users/kazuyaaoki/Desktop/programming/science/spark-3.5.0/common/kvstore"/>
    <property name="java.vm.compressedOopsMode" value="Zero based"/>
    <property name="line.separator" value="&#10;"/>
    <property name="java.vm.specification.vendor" value="Oracle Corporation"/>
    <property name="java.specification.name" value="Java Platform API Specification"/>
    <property name="hive.conf.validation" value="false"/>
    <property name="java.awt.headless" value="true"/>
    <property name="spark.unsafe.exceptionOnMemoryLeak" value="true"/>
    <property name="derby.system.durability" value="test"/>
    <property name="spark.ui.showConsoleProgress" value="false"/>
    <property name="surefire.real.class.path" value="/Users/kazuyaaoki/Desktop/programming/science/spark-3.5.0/common/kvstore/target/surefire/surefirebooter-20230924121230440_9.jar"/>
    <property name="sun.management.compiler" value="HotSpot 64-Bit Tiered Compilers"/>
    <property name="ftp.nonProxyHosts" value="local|*.local|169.254/16|*.169.254/16"/>
    <property name="spark.testing" value="1"/>
    <property name="java.runtime.version" value="17.0.8+7"/>
    <property name="user.name" value="kazuyaaoki"/>
    <property name="test.src.tables" value="src"/>
    <property name="path.separator" value=":"/>
    <property name="os.version" value="13.4.1"/>
    <property name="java.runtime.name" value="OpenJDK Runtime Environment"/>
    <property name="file.encoding" value="UTF-8"/>
    <property name="java.vm.name" value="OpenJDK 64-Bit Server VM"/>
    <property name="java.vendor.version" value="Temurin-17.0.8+7"/>
    <property name="localRepository" value="/Users/kazuyaaoki/.m2/repository"/>
    <property name="java.vendor.url.bug" value="https://github.com/adoptium/adoptium-support/issues"/>
    <property name="java.io.tmpdir" value="/Users/kazuyaaoki/Desktop/programming/science/spark-3.5.0/common/kvstore/target/tmp"/>
    <property name="java.version" value="17.0.8"/>
    <property name="user.dir" value="/Users/kazuyaaoki/Desktop/programming/science/spark-3.5.0/common/kvstore"/>
    <property name="os.arch" value="x86_64"/>
    <property name="java.vm.specification.name" value="Java Virtual Machine Specification"/>
    <property name="spark.hadoop.hadoop.security.key.provider.path" value="test:///"/>
    <property name="native.encoding" value="UTF-8"/>
    <property name="java.library.path" value="/Users/kazuyaaoki/Library/Java/Extensions:/Library/Java/Extensions:/Network/Library/Java/Extensions:/System/Library/Java/Extensions:/usr/lib/java:."/>
    <property name="java.vm.info" value="mixed mode, sharing"/>
    <property name="java.vendor" value="Eclipse Adoptium"/>
    <property name="java.vm.version" value="17.0.8+7"/>
    <property name="sun.io.unicode.encoding" value="UnicodeBig"/>
    <property name="jdk.reflect.useDirectMethodHandle" value="false"/>
    <property name="socksNonProxyHosts" value="local|*.local|169.254/16|*.169.254/16"/>
    <property name="java.class.version" value="61.0"/>
    <property name="spark.test.home" value="/Users/kazuyaaoki/Desktop/programming/science/spark-3.5.0"/>
    <property name="spark.ui.enabled" value="false"/>
  </properties>
  <testcase name="copyIndexDescendingWithStart" classname="org.apache.spark.util.kvstore.RocksDBIteratorSuite" time="0.281"/>
  <testcase name="refIndexWithStart" classname="org.apache.spark.util.kvstore.RocksDBIteratorSuite" time="0.02"/>
  <testcase name="numericIndexDescendingWithStart" classname="org.apache.spark.util.kvstore.RocksDBIteratorSuite" time="0.002"/>
  <testcase name="copyIndexDescending" classname="org.apache.spark.util.kvstore.RocksDBIteratorSuite" time="0.014"/>
  <testcase name="childIndexWithStart" classname="org.apache.spark.util.kvstore.RocksDBIteratorSuite" time="0.002"/>
  <testcase name="childIndexWithLast" classname="org.apache.spark.util.kvstore.RocksDBIteratorSuite" time="0.002"/>
  <testcase name="childIndexWithSkip" classname="org.apache.spark.util.kvstore.RocksDBIteratorSuite" time="0.002"/>
  <testcase name="childIndexWithMax" classname="org.apache.spark.util.kvstore.RocksDBIteratorSuite" time="0.002"/>
  <testcase name="naturalIndexDescending" classname="org.apache.spark.util.kvstore.RocksDBIteratorSuite" time="0.007"/>
  <testcase name="numericIndexDescendingWithLast" classname="org.apache.spark.util.kvstore.RocksDBIteratorSuite" time="0.008"/>
  <testcase name="childIndexDescending" classname="org.apache.spark.util.kvstore.RocksDBIteratorSuite" time="0.001"/>
  <testcase name="copyIndexDescendingWithLast" classname="org.apache.spark.util.kvstore.RocksDBIteratorSuite" time="0.005"/>
  <testcase name="refIndex" classname="org.apache.spark.util.kvstore.RocksDBIteratorSuite" time="0.007"/>
  <testcase name="numericIndexWithLast" classname="org.apache.spark.util.kvstore.RocksDBIteratorSuite" time="0.001"/>
  <testcase name="copyIndexWithStart" classname="org.apache.spark.util.kvstore.RocksDBIteratorSuite" time="0.005"/>
  <testcase name="childIndexDescendingWithStart" classname="org.apache.spark.util.kvstore.RocksDBIteratorSuite" time="0.001"/>
  <testcase name="refIndexWithLast" classname="org.apache.spark.util.kvstore.RocksDBIteratorSuite" time="0.002"/>
  <testcase name="refIndexWithSkip" classname="org.apache.spark.util.kvstore.RocksDBIteratorSuite" time="0.006"/>
  <testcase name="numericIndexDescending" classname="org.apache.spark.util.kvstore.RocksDBIteratorSuite" time="0.006"/>
  <testcase name="testRefWithIntNaturalKey" classname="org.apache.spark.util.kvstore.RocksDBIteratorSuite" time="0.002"/>
  <testcase name="refIndexDescending" classname="org.apache.spark.util.kvstore.RocksDBIteratorSuite" time="0.006"/>
  <testcase name="refIndexDescendingWithStart" classname="org.apache.spark.util.kvstore.RocksDBIteratorSuite" time="0.002"/>
  <testcase name="naturalIndexWithMax" classname="org.apache.spark.util.kvstore.RocksDBIteratorSuite" time="0.0"/>
  <testcase name="naturalIndex" classname="org.apache.spark.util.kvstore.RocksDBIteratorSuite" time="0.005"/>
  <testcase name="copyIndexWithLast" classname="org.apache.spark.util.kvstore.RocksDBIteratorSuite" time="0.001"/>
  <testcase name="copyIndexWithSkip" classname="org.apache.spark.util.kvstore.RocksDBIteratorSuite" time="0.005"/>
  <testcase name="copyIndexWithMax" classname="org.apache.spark.util.kvstore.RocksDBIteratorSuite" time="0.001"/>
  <testcase name="childIndexDescendingWithLast" classname="org.apache.spark.util.kvstore.RocksDBIteratorSuite" time="0.0"/>
  <testcase name="refIndexDescendingWithLast" classname="org.apache.spark.util.kvstore.RocksDBIteratorSuite" time="0.006"/>
  <testcase name="naturalIndexDescendingWithStart" classname="org.apache.spark.util.kvstore.RocksDBIteratorSuite" time="0.005"/>
  <testcase name="childIndex" classname="org.apache.spark.util.kvstore.RocksDBIteratorSuite" time="0.001"/>
  <testcase name="naturalIndexWithLast" classname="org.apache.spark.util.kvstore.RocksDBIteratorSuite" time="0.005"/>
  <testcase name="naturalIndexWithSkip" classname="org.apache.spark.util.kvstore.RocksDBIteratorSuite" time="0.003"/>
  <testcase name="naturalIndexWithStart" classname="org.apache.spark.util.kvstore.RocksDBIteratorSuite" time="0.0"/>
  <testcase name="copyIndex" classname="org.apache.spark.util.kvstore.RocksDBIteratorSuite" time="0.005"/>
  <testcase name="naturalIndexDescendingWithLast" classname="org.apache.spark.util.kvstore.RocksDBIteratorSuite" time="0.001"/>
  <testcase name="numericIndexWithStart" classname="org.apache.spark.util.kvstore.RocksDBIteratorSuite" time="0.006"/>
  <testcase name="numericIndex" classname="org.apache.spark.util.kvstore.RocksDBIteratorSuite" time="0.006"/>
</testsuite>